<?xml version="1.0" encoding="UTF-8"?>
<testng-results total="2" passed="2" failed="0" skipped="0">
  <reporter-output>
  </reporter-output>
  <suite started-at="2019-12-09T04:46:55Z" name="Suite" finished-at="2019-12-09T04:46:55Z" duration-ms="59">
    <groups>
      <group name="gaurav">
        <method signature="RunningFlow.Test2()[pri:0, instance:TestNGPractise.RunningFlow@7b02881e]" name="Test2" class="TestNGPractise.RunningFlow"/>
      </group> <!-- gaurav -->
    </groups>
    <test started-at="2019-12-09T04:46:55Z" name="Test" finished-at="2019-12-09T04:46:55Z" duration-ms="59">
      <class name="TestNGPractise.RunningFlow">
        <test-method is-config="true" signature="BeforeSuite()[pri:0, instance:TestNGPractise.RunningFlow@7b02881e]" started-at="2019-12-09T10:16:55Z" name="BeforeSuite" finished-at="2019-12-09T10:16:55Z" duration-ms="21" status="PASS">
          <reporter-output>
          </reporter-output>
        </test-method> <!-- BeforeSuite -->
        <test-method is-config="true" signature="BeforeTest()[pri:0, instance:TestNGPractise.RunningFlow@7b02881e]" started-at="2019-12-09T10:16:55Z" name="BeforeTest" finished-at="2019-12-09T10:16:55Z" duration-ms="0" status="PASS">
          <reporter-output>
          </reporter-output>
        </test-method> <!-- BeforeTest -->
        <test-method is-config="true" signature="BeforeClass()[pri:0, instance:TestNGPractise.RunningFlow@7b02881e]" started-at="2019-12-09T10:16:55Z" name="BeforeClass" finished-at="2019-12-09T10:16:55Z" duration-ms="1" status="PASS">
          <reporter-output>
          </reporter-output>
        </test-method> <!-- BeforeClass -->
        <test-method is-config="true" signature="BeforeMethod()[pri:0, instance:TestNGPractise.RunningFlow@7b02881e]" started-at="2019-12-09T10:16:55Z" name="BeforeMethod" finished-at="2019-12-09T10:16:55Z" duration-ms="1" status="PASS">
          <reporter-output>
          </reporter-output>
        </test-method> <!-- BeforeMethod -->
        <test-method signature="Test1()[pri:0, instance:TestNGPractise.RunningFlow@7b02881e]" started-at="2019-12-09T10:16:55Z" name="Test1" finished-at="2019-12-09T10:16:55Z" duration-ms="12" status="PASS">
          <reporter-output>
          </reporter-output>
        </test-method> <!-- Test1 -->
        <test-method is-config="true" signature="AfterMethod()[pri:0, instance:TestNGPractise.RunningFlow@7b02881e]" started-at="2019-12-09T10:16:55Z" name="AfterMethod" finished-at="2019-12-09T10:16:55Z" duration-ms="1" status="PASS">
          <reporter-output>
          </reporter-output>
        </test-method> <!-- AfterMethod -->
        <test-method is-config="true" signature="BeforeMethod()[pri:0, instance:TestNGPractise.RunningFlow@7b02881e]" started-at="2019-12-09T10:16:55Z" name="BeforeMethod" finished-at="2019-12-09T10:16:55Z" duration-ms="1" status="PASS">
          <reporter-output>
          </reporter-output>
        </test-method> <!-- BeforeMethod -->
        <test-method signature="Test2()[pri:0, instance:TestNGPractise.RunningFlow@7b02881e]" started-at="2019-12-09T10:16:55Z" name="Test2" finished-at="2019-12-09T10:16:55Z" duration-ms="6" status="PASS">
          <reporter-output>
          </reporter-output>
        </test-method> <!-- Test2 -->
        <test-method is-config="true" signature="AfterMethod()[pri:0, instance:TestNGPractise.RunningFlow@7b02881e]" started-at="2019-12-09T10:16:55Z" name="AfterMethod" finished-at="2019-12-09T10:16:55Z" duration-ms="1" status="PASS">
          <reporter-output>
          </reporter-output>
        </test-method> <!-- AfterMethod -->
        <test-method is-config="true" signature="AfterClass()[pri:0, instance:TestNGPractise.RunningFlow@7b02881e]" started-at="2019-12-09T10:16:55Z" name="AfterClass" finished-at="2019-12-09T10:16:55Z" duration-ms="0" status="PASS">
          <reporter-output>
          </reporter-output>
        </test-method> <!-- AfterClass -->
        <test-method is-config="true" signature="AfterTest()[pri:0, instance:TestNGPractise.RunningFlow@7b02881e]" started-at="2019-12-09T10:16:55Z" name="AfterTest" finished-at="2019-12-09T10:16:55Z" duration-ms="1" status="PASS">
          <reporter-output>
          </reporter-output>
        </test-method> <!-- AfterTest -->
        <test-method is-config="true" signature="AfterSuite()[pri:0, instance:TestNGPractise.RunningFlow@7b02881e]" started-at="2019-12-09T10:16:55Z" name="AfterSuite" finished-at="2019-12-09T10:16:55Z" duration-ms="1" status="PASS">
          <reporter-output>
          </reporter-output>
        </test-method> <!-- AfterSuite -->
      </class> <!-- TestNGPractise.RunningFlow -->
    </test> <!-- Test -->
  </suite> <!-- Suite -->
</testng-results>
